2019-05-07 09:37:33.598 [main] DEBUG o.s.b.d.settings.DevToolsSettings -Included patterns for restart : []
2019-05-07 09:37:33.617 [main] DEBUG o.s.b.d.settings.DevToolsSettings -Excluded patterns for restart : [/spring-boot-starter/target/classes/, /spring-boot-autoconfigure/target/classes/, /spring-boot-starter-[\w-]+/, /spring-boot/target/classes/, /spring-boot-actuator/target/classes/, /spring-boot-devtools/target/classes/]
2019-05-07 09:37:33.618 [main] DEBUG o.s.b.d.restart.ChangeableUrls -Matching URLs for reloading : [file:/C:/gennlifeWork/rwsService/rws-service/target/classes/]
2019-05-07 09:37:34.671 [restartedMain] DEBUG o.s.b.l.ClasspathLoggingApplicationListener -Application started with classpath: [file:/C:/gennlifeWork/rwsService/rws-service/target/classes/]
2019-05-07 09:37:34.779 [restartedMain] DEBUG o.s.boot.SpringApplication -Loading source class org.springframework.cloud.bootstrap.config.PropertySourceBootstrapConfiguration,class org.springframework.cloud.bootstrap.encrypt.EncryptionBootstrapConfiguration,class org.springframework.cloud.autoconfigure.ConfigurationPropertiesRebinderAutoConfiguration,class org.springframework.boot.autoconfigure.PropertyPlaceholderAutoConfiguration
2019-05-07 09:37:34.843 [restartedMain] INFO  o.s.c.a.AnnotationConfigApplicationContext -Refreshing org.springframework.context.annotation.AnnotationConfigApplicationContext@26849693: startup date [Tue May 07 09:37:34 CST 2019]; root of context hierarchy
2019-05-07 09:37:35.215 [restartedMain] INFO  o.s.b.f.a.AutowiredAnnotationBeanPostProcessor -JSR-330 'javax.inject.Inject' annotation found and supported for autowiring
2019-05-07 09:37:35.269 [restartedMain] INFO  o.s.c.s.PostProcessorRegistrationDelegate$BeanPostProcessorChecker -Bean 'configurationPropertiesRebinderAutoConfiguration' of type [org.springframework.cloud.autoconfigure.ConfigurationPropertiesRebinderAutoConfiguration$$EnhancerBySpringCGLIB$$961ce384] is not eligible for getting processed by all BeanPostProcessors (for example: not eligible for auto-proxying)
2019-05-07 09:37:35.706 [restartedMain] DEBUG o.s.b.a.l.AutoConfigurationReportLoggingInitializer -


=========================
AUTO-CONFIGURATION REPORT
=========================


Positive matches:
-----------------

   ConfigurationPropertiesRebinderAutoConfiguration matched:
      - @ConditionalOnBean (types: org.springframework.boot.context.properties.ConfigurationPropertiesBindingPostProcessor; SearchStrategy: all) found bean 'org.springframework.boot.context.properties.ConfigurationPropertiesBindingPostProcessor' (OnBeanCondition)

   ConfigurationPropertiesRebinderAutoConfiguration#configurationPropertiesBeans matched:
      - @ConditionalOnMissingBean (types: org.springframework.cloud.context.properties.ConfigurationPropertiesBeans; SearchStrategy: current) did not find any beans (OnBeanCondition)

   ConfigurationPropertiesRebinderAutoConfiguration#configurationPropertiesRebinder matched:
      - @ConditionalOnMissingBean (types: org.springframework.cloud.context.properties.ConfigurationPropertiesRebinder; SearchStrategy: current) did not find any beans (OnBeanCondition)

   EncryptionBootstrapConfiguration matched:
      - @ConditionalOnClass found required class 'org.springframework.security.crypto.encrypt.TextEncryptor'; @ConditionalOnMissingClass did not find unwanted class (OnClassCondition)

   PropertyPlaceholderAutoConfiguration#propertySourcesPlaceholderConfigurer matched:
      - @ConditionalOnMissingBean (types: org.springframework.context.support.PropertySourcesPlaceholderConfigurer; SearchStrategy: current) did not find any beans (OnBeanCondition)


Negative matches:
-----------------

   EncryptionBootstrapConfiguration.RsaEncryptionConfiguration:
      Did not match:
         - Keystore nor key found in Environment (EncryptionBootstrapConfiguration.KeyCondition)
      Matched:
         - @ConditionalOnClass found required class 'org.springframework.security.rsa.crypto.RsaSecretEncryptor'; @ConditionalOnMissingClass did not find unwanted class (OnClassCondition)

   EncryptionBootstrapConfiguration.VanillaEncryptionConfiguration:
      Did not match:
         - @ConditionalOnMissingClass found unwanted class 'org.springframework.security.rsa.crypto.RsaSecretEncryptor' (OnClassCondition)


Exclusions:
-----------

    None


Unconditional classes:
----------------------

    None



2019-05-07 09:37:35.720 [restartedMain] DEBUG o.s.boot.devtools.restart.Restarter -Creating new Restarter for thread Thread[main,5,main]
2019-05-07 09:37:35.721 [restartedMain] DEBUG o.s.boot.devtools.restart.Restarter -Immediately restarting application
2019-05-07 09:37:35.722 [restartedMain] DEBUG o.s.boot.devtools.restart.Restarter -Created RestartClassLoader org.springframework.boot.devtools.restart.classloader.RestartClassLoader@18fa63aa
2019-05-07 09:37:35.722 [restartedMain] DEBUG o.s.boot.devtools.restart.Restarter -Starting application com.gennlife.RwsServiceApplication with URLs [file:/C:/gennlifeWork/rwsService/rws-service/target/classes/]
2019-05-07 09:41:12.377 [main] DEBUG o.s.b.d.settings.DevToolsSettings -Included patterns for restart : []
2019-05-07 09:41:12.390 [main] DEBUG o.s.b.d.settings.DevToolsSettings -Excluded patterns for restart : [/spring-boot-starter/target/classes/, /spring-boot-autoconfigure/target/classes/, /spring-boot-starter-[\w-]+/, /spring-boot/target/classes/, /spring-boot-actuator/target/classes/, /spring-boot-devtools/target/classes/]
2019-05-07 09:41:12.390 [main] DEBUG o.s.b.d.restart.ChangeableUrls -Matching URLs for reloading : [file:/C:/gennlifeWork/rwsService/rws-service/target/classes/]
2019-05-07 09:41:13.259 [restartedMain] DEBUG o.s.b.l.ClasspathLoggingApplicationListener -Application started with classpath: [file:/C:/gennlifeWork/rwsService/rws-service/target/classes/]
2019-05-07 09:41:13.363 [restartedMain] DEBUG o.s.boot.SpringApplication -Loading source class org.springframework.cloud.bootstrap.config.PropertySourceBootstrapConfiguration,class org.springframework.cloud.bootstrap.encrypt.EncryptionBootstrapConfiguration,class org.springframework.cloud.autoconfigure.ConfigurationPropertiesRebinderAutoConfiguration,class org.springframework.boot.autoconfigure.PropertyPlaceholderAutoConfiguration
2019-05-07 09:41:13.429 [restartedMain] INFO  o.s.c.a.AnnotationConfigApplicationContext -Refreshing org.springframework.context.annotation.AnnotationConfigApplicationContext@4c374e9f: startup date [Tue May 07 09:41:13 CST 2019]; root of context hierarchy
2019-05-07 09:41:13.840 [restartedMain] INFO  o.s.b.f.a.AutowiredAnnotationBeanPostProcessor -JSR-330 'javax.inject.Inject' annotation found and supported for autowiring
2019-05-07 09:41:13.895 [restartedMain] INFO  o.s.c.s.PostProcessorRegistrationDelegate$BeanPostProcessorChecker -Bean 'configurationPropertiesRebinderAutoConfiguration' of type [org.springframework.cloud.autoconfigure.ConfigurationPropertiesRebinderAutoConfiguration$$EnhancerBySpringCGLIB$$da0bf52e] is not eligible for getting processed by all BeanPostProcessors (for example: not eligible for auto-proxying)
2019-05-07 09:41:14.245 [restartedMain] DEBUG o.s.b.a.l.AutoConfigurationReportLoggingInitializer -


=========================
AUTO-CONFIGURATION REPORT
=========================


Positive matches:
-----------------

   ConfigurationPropertiesRebinderAutoConfiguration matched:
      - @ConditionalOnBean (types: org.springframework.boot.context.properties.ConfigurationPropertiesBindingPostProcessor; SearchStrategy: all) found bean 'org.springframework.boot.context.properties.ConfigurationPropertiesBindingPostProcessor' (OnBeanCondition)

   ConfigurationPropertiesRebinderAutoConfiguration#configurationPropertiesBeans matched:
      - @ConditionalOnMissingBean (types: org.springframework.cloud.context.properties.ConfigurationPropertiesBeans; SearchStrategy: current) did not find any beans (OnBeanCondition)

   ConfigurationPropertiesRebinderAutoConfiguration#configurationPropertiesRebinder matched:
      - @ConditionalOnMissingBean (types: org.springframework.cloud.context.properties.ConfigurationPropertiesRebinder; SearchStrategy: current) did not find any beans (OnBeanCondition)

   EncryptionBootstrapConfiguration matched:
      - @ConditionalOnClass found required class 'org.springframework.security.crypto.encrypt.TextEncryptor'; @ConditionalOnMissingClass did not find unwanted class (OnClassCondition)

   PropertyPlaceholderAutoConfiguration#propertySourcesPlaceholderConfigurer matched:
      - @ConditionalOnMissingBean (types: org.springframework.context.support.PropertySourcesPlaceholderConfigurer; SearchStrategy: current) did not find any beans (OnBeanCondition)


Negative matches:
-----------------

   EncryptionBootstrapConfiguration.RsaEncryptionConfiguration:
      Did not match:
         - Keystore nor key found in Environment (EncryptionBootstrapConfiguration.KeyCondition)
      Matched:
         - @ConditionalOnClass found required class 'org.springframework.security.rsa.crypto.RsaSecretEncryptor'; @ConditionalOnMissingClass did not find unwanted class (OnClassCondition)

   EncryptionBootstrapConfiguration.VanillaEncryptionConfiguration:
      Did not match:
         - @ConditionalOnMissingClass found unwanted class 'org.springframework.security.rsa.crypto.RsaSecretEncryptor' (OnClassCondition)


Exclusions:
-----------

    None


Unconditional classes:
----------------------

    None



2019-05-07 09:41:14.258 [restartedMain] DEBUG o.s.boot.devtools.restart.Restarter -Creating new Restarter for thread Thread[main,5,main]
2019-05-07 09:41:14.259 [restartedMain] DEBUG o.s.boot.devtools.restart.Restarter -Immediately restarting application
2019-05-07 09:41:14.260 [restartedMain] DEBUG o.s.boot.devtools.restart.Restarter -Created RestartClassLoader org.springframework.boot.devtools.restart.classloader.RestartClassLoader@3aadbdb
2019-05-07 09:41:14.260 [restartedMain] DEBUG o.s.boot.devtools.restart.Restarter -Starting application com.gennlife.RwsServiceApplication with URLs [file:/C:/gennlifeWork/rwsService/rws-service/target/classes/]
2019-05-07 10:38:44.965 [restartedMain] INFO  o.s.c.a.AnnotationConfigApplicationContext -Refreshing org.springframework.context.annotation.AnnotationConfigApplicationContext@5bc9736e: startup date [Tue May 07 10:38:44 CST 2019]; root of context hierarchy
2019-05-07 10:38:45.315 [restartedMain] INFO  o.s.b.f.a.AutowiredAnnotationBeanPostProcessor -JSR-330 'javax.inject.Inject' annotation found and supported for autowiring
2019-05-07 10:38:45.374 [restartedMain] INFO  o.s.c.s.PostProcessorRegistrationDelegate$BeanPostProcessorChecker -Bean 'configurationPropertiesRebinderAutoConfiguration' of type [org.springframework.cloud.autoconfigure.ConfigurationPropertiesRebinderAutoConfiguration$$EnhancerBySpringCGLIB$$7dc50d55] is not eligible for getting processed by all BeanPostProcessors (for example: not eligible for auto-proxying)
2019-05-07 10:52:01.196 [restartedMain] INFO  o.s.c.a.AnnotationConfigApplicationContext -Refreshing org.springframework.context.annotation.AnnotationConfigApplicationContext@5a5ef7cf: startup date [Tue May 07 10:52:01 CST 2019]; root of context hierarchy
2019-05-07 10:52:01.532 [restartedMain] INFO  o.s.b.f.a.AutowiredAnnotationBeanPostProcessor -JSR-330 'javax.inject.Inject' annotation found and supported for autowiring
2019-05-07 10:52:01.586 [restartedMain] INFO  o.s.c.s.PostProcessorRegistrationDelegate$BeanPostProcessorChecker -Bean 'configurationPropertiesRebinderAutoConfiguration' of type [org.springframework.cloud.autoconfigure.ConfigurationPropertiesRebinderAutoConfiguration$$EnhancerBySpringCGLIB$$8fb7f46a] is not eligible for getting processed by all BeanPostProcessors (for example: not eligible for auto-proxying)
2019-05-07 16:16:17.766 [restartedMain] INFO  o.s.c.a.AnnotationConfigApplicationContext -Refreshing org.springframework.context.annotation.AnnotationConfigApplicationContext@5bc9736e: startup date [Tue May 07 16:16:17 CST 2019]; root of context hierarchy
2019-05-07 16:16:18.115 [restartedMain] INFO  o.s.b.f.a.AutowiredAnnotationBeanPostProcessor -JSR-330 'javax.inject.Inject' annotation found and supported for autowiring
2019-05-07 16:16:18.169 [restartedMain] INFO  o.s.c.s.PostProcessorRegistrationDelegate$BeanPostProcessorChecker -Bean 'configurationPropertiesRebinderAutoConfiguration' of type [org.springframework.cloud.autoconfigure.ConfigurationPropertiesRebinderAutoConfiguration$$EnhancerBySpringCGLIB$$7dc50d55] is not eligible for getting processed by all BeanPostProcessors (for example: not eligible for auto-proxying)
